[debug] [2024-02-07T02:13:54.982Z] ----------------------------------------------------------------------
[debug] [2024-02-07T02:13:54.984Z] Command:       /usr/local/bin/node /usr/local/bin/firebase init
[debug] [2024-02-07T02:13:54.985Z] CLI Version:   13.1.0
[debug] [2024-02-07T02:13:54.985Z] Platform:      darwin
[debug] [2024-02-07T02:13:54.985Z] Node Version:  v21.6.0
[debug] [2024-02-07T02:13:54.985Z] Time:          Tue Feb 06 2024 21:13:54 GMT-0500 (Eastern Standard Time)
[debug] [2024-02-07T02:13:54.985Z] ----------------------------------------------------------------------
[debug] 
[debug] [2024-02-07T02:13:54.990Z] > command requires scopes: ["email","openid","https://www.googleapis.com/auth/cloudplatformprojects.readonly","https://www.googleapis.com/auth/firebase","https://www.googleapis.com/auth/cloud-platform"]
[debug] [2024-02-07T02:13:54.991Z] > authorizing via signed-in user (prabeshbuzz01@gmail.com)
[info] 
     ######## #### ########  ######## ########     ###     ######  ########
     ##        ##  ##     ## ##       ##     ##  ##   ##  ##       ##
     ######    ##  ########  ######   ########  #########  ######  ######
     ##        ##  ##    ##  ##       ##     ## ##     ##       ## ##
     ##       #### ##     ## ######## ########  ##     ##  ######  ########

You're about to initialize a Firebase project in this directory:

  /Users/prabeshbajracharya/Desktop/expensetracker

[info] 
=== Project Setup
[info] 
[info] First, let's associate this project directory with a Firebase project.
[info] You can create multiple project aliases by running firebase use --add, 
[info] but for now we'll just set up a default project.
[info] 
[debug] [2024-02-07T02:14:42.040Z] > refreshing access token with scopes: []
[debug] [2024-02-07T02:14:42.041Z] >>> [apiv2][query] POST https://www.googleapis.com/oauth2/v3/token [none]
[debug] [2024-02-07T02:14:42.042Z] >>> [apiv2][body] POST https://www.googleapis.com/oauth2/v3/token [omitted]
[debug] [2024-02-07T02:14:42.226Z] <<< [apiv2][status] POST https://www.googleapis.com/oauth2/v3/token 200
[debug] [2024-02-07T02:14:42.226Z] <<< [apiv2][body] POST https://www.googleapis.com/oauth2/v3/token [omitted]
[debug] [2024-02-07T02:14:42.267Z] >>> [apiv2][query] GET https://firebase.googleapis.com/v1beta1/projects pageSize=100
[debug] [2024-02-07T02:14:42.617Z] <<< [apiv2][status] GET https://firebase.googleapis.com/v1beta1/projects 200
[debug] [2024-02-07T02:14:42.617Z] <<< [apiv2][body] GET https://firebase.googleapis.com/v1beta1/projects [omitted]
[info] i  Using project expense-tracker-e2301 (expense-tracker) 
[info] 
=== Hosting Setup
[debug] [2024-02-07T02:14:56.312Z] >>> [apiv2][query] GET https://firebase.googleapis.com/v1beta1/projects/expense-tracker-e2301 [none]
[debug] [2024-02-07T02:14:56.514Z] <<< [apiv2][status] GET https://firebase.googleapis.com/v1beta1/projects/expense-tracker-e2301 200
[debug] [2024-02-07T02:14:56.514Z] <<< [apiv2][body] GET https://firebase.googleapis.com/v1beta1/projects/expense-tracker-e2301 {"projectId":"expense-tracker-e2301","projectNumber":"508189227135","displayName":"expense-tracker","name":"projects/expense-tracker-e2301","resources":{"hostingSite":"expense-tracker-e2301"},"state":"ACTIVE","etag":"1_1783b650-fedb-4d11-91d3-3f80e15191cf"}
[info] 
[info] Your public directory is the folder (relative to your project directory) that
[info] will contain Hosting assets to be uploaded with firebase deploy. If you
[info] have a build process for your assets, use your build's output directory.
[info] 
[info] ✔  Wrote public/404.html 
[debug] [2024-02-07T02:15:26.430Z] >>> [apiv2][query] GET https://www.gstatic.com/firebasejs/releases.json [none]
[debug] [2024-02-07T02:15:26.485Z] <<< [apiv2][status] GET https://www.gstatic.com/firebasejs/releases.json 200
[debug] [2024-02-07T02:15:26.485Z] <<< [apiv2][body] GET https://www.gstatic.com/firebasejs/releases.json {"current":{"version":"10.8.0","browserURL":"https://www.gstatic.com/firebasejs/10.8.0/firebase.js","packageURL":"https://www.gstatic.com/firebasejs/10.8.0/firebase.tgz"},"live":{"version":"10.8","browserURL":"https://www.gstatic.com/firebasejs/live/10.8/firebase.js","packageURL":"https://www.gstatic.com/firebasejs/live/10.8/firebase.tgz"},"components":{"analytics":"https://www.gstatic.com/firebasejs/10.8.0/firebase-analytics.js","app":"https://www.gstatic.com/firebasejs/10.8.0/firebase-app.js","app-check":"https://www.gstatic.com/firebasejs/10.8.0/firebase-app-check.js","auth":"https://www.gstatic.com/firebasejs/10.8.0/firebase-auth.js","auth/cordova":"https://www.gstatic.com/firebasejs/10.8.0/firebase-auth/cordova.js","auth/web-extension":"https://www.gstatic.com/firebasejs/10.8.0/firebase-auth/web-extension.js","functions":"https://www.gstatic.com/firebasejs/10.8.0/firebase-functions.js","firestore":"https://www.gstatic.com/firebasejs/10.8.0/firebase-firestore.js","firestore/lite":"https://www.gstatic.com/firebasejs/10.8.0/firebase-firestore/lite.js","installations":"https://www.gstatic.com/firebasejs/10.8.0/firebase-installations.js","storage":"https://www.gstatic.com/firebasejs/10.8.0/firebase-storage.js","performance":"https://www.gstatic.com/firebasejs/10.8.0/firebase-performance.js","remote-config":"https://www.gstatic.com/firebasejs/10.8.0/firebase-remote-config.js","messaging":"https://www.gstatic.com/firebasejs/10.8.0/firebase-messaging.js","messaging/sw":"https://www.gstatic.com/firebasejs/10.8.0/firebase-messaging/sw.js","database":"https://www.gstatic.com/firebasejs/10.8.0/firebase-database.js","firestore.memory":"https://www.gstatic.com/firebasejs/10.8.0/firebase-firestore.memory.js"}}
[info] i  Skipping write of public/index.html 
[info] 
[info] i  Detected a .git folder at /Users/prabeshbajracharya/Desktop/expensetracker 
[info] i  Authorizing with GitHub to upload your service account to a GitHub repository's secrets store. 
[info] 
[info] Visit this URL on this device to log in:
[info] https://github.com/login/oauth/authorize?client_id=89cf50f02ac6aaed3484&state=486353392&redirect_uri=http%3A%2F%2Flocalhost%3A9005&scope=read%3Auser%20repo%20public_repo
[info] 
[info] Waiting for authentication...
[debug] [2024-02-07T02:16:15.555Z] >>> [apiv2][query] POST https://github.com/login/oauth/access_token [none]
[debug] [2024-02-07T02:16:15.555Z] >>> [apiv2][body] POST https://github.com/login/oauth/access_token [stream]
[debug] [2024-02-07T02:16:15.741Z] <<< [apiv2][status] POST https://github.com/login/oauth/access_token 200
[debug] [2024-02-07T02:16:15.741Z] <<< [apiv2][body] POST https://github.com/login/oauth/access_token {"access_token":"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","token_type":"bearer","scope":"read:user,repo"}
[debug] [2024-02-07T02:16:15.746Z] >>> [apiv2][query] GET https://api.github.com/user [none]
[debug] [2024-02-07T02:16:15.937Z] <<< [apiv2][status] GET https://api.github.com/user 200
[debug] [2024-02-07T02:16:15.937Z] <<< [apiv2][body] GET https://api.github.com/user {"login":"Prabeshbaj","id":38983508,"node_id":"MDQ6VXNlcjM4OTgzNTA4","avatar_url":"https://avatars.githubusercontent.com/u/38983508?v=4","gravatar_id":"","url":"https://api.github.com/users/Prabeshbaj","html_url":"https://github.com/Prabeshbaj","followers_url":"https://api.github.com/users/Prabeshbaj/followers","following_url":"https://api.github.com/users/Prabeshbaj/following{/other_user}","gists_url":"https://api.github.com/users/Prabeshbaj/gists{/gist_id}","starred_url":"https://api.github.com/users/Prabeshbaj/starred{/owner}{/repo}","subscriptions_url":"https://api.github.com/users/Prabeshbaj/subscriptions","organizations_url":"https://api.github.com/users/Prabeshbaj/orgs","repos_url":"https://api.github.com/users/Prabeshbaj/repos","events_url":"https://api.github.com/users/Prabeshbaj/events{/privacy}","received_events_url":"https://api.github.com/users/Prabeshbaj/received_events","type":"User","site_admin":false,"name":null,"company":null,"blog":"","location":null,"email":null,"hireable":null,"bio":null,"twitter_username":null,"public_repos":8,"public_gists":15,"followers":0,"following":0,"created_at":"2018-05-04T14:03:19Z","updated_at":"2023-11-25T03:31:49Z","private_gists":3,"total_private_repos":0,"owned_private_repos":0,"disk_usage":1463,"collaborators":0,"two_factor_authentication":false,"plan":{"name":"free","space":976562499,"collaborators":0,"private_repos":10000}}
[info] 
[info] ✔  Success! Logged into GitHub as Prabeshbaj 
[info] 
